<?xml version="1.0" encoding="UTF-8"?>
<!-- Generated by org.testng.reporters.JUnitXMLReporter -->
<testsuite ignored="0" hostname="DESKTOP-8JGKH7G" failures="0" tests="5" name="Default test" time="80.097" errors="0" timestamp="2024-07-17T16:54:17 PDT">
  <testcase classname="com.webshops.testss.LoginPageTest" name="getLoginpageTitle" time="1.915"/>
  <testcase classname="com.webshops.testss.LoginPageTest" name="loginPageRemembermeCheckBox" time="3.615"/>
  <testcase classname="com.webshops.testss.LoginPageTest" name="isWelcometextisPresent" time="3.469"/>
  <testcase classname="com.webshops.testss.LoginPageTest" name="testForgotpasswordTextIsdisplayed" time="1.753"/>
  <testcase classname="com.webshops.testss.LoginPageTest" name="testLoginFunctions" time="18.911"/>
</testsuite> <!-- Default test -->
