<?xml version="1.0" encoding="UTF-8"?>
<testng-results ignored="0" total="5" passed="5" failed="0" skipped="0">
  <reporter-output>
  </reporter-output>
  <suite started-at="2024-07-17T16:52:56 PDT" name="Default suite" finished-at="2024-07-17T16:54:16 PDT" duration-ms="80097">
    <groups>
    </groups>
    <test started-at="2024-07-17T16:52:56 PDT" name="Default test" finished-at="2024-07-17T16:54:16 PDT" duration-ms="80097">
      <class name="com.webshops.testss.LoginPageTest">
        <test-method is-config="true" signature="setUp()[pri:0, instance:com.webshops.testss.LoginPageTest@94f6bfb]" started-at="2024-07-17T16:52:57 PDT" name="setUp" finished-at="2024-07-17T16:53:10 PDT" duration-ms="13918" status="PASS">
          <reporter-output>
          </reporter-output>
        </test-method> <!-- setUp -->
        <test-method signature="getLoginpageTitle()[pri:1, instance:com.webshops.testss.LoginPageTest@94f6bfb]" started-at="2024-07-17T16:53:10 PDT" name="getLoginpageTitle" finished-at="2024-07-17T16:53:12 PDT" duration-ms="1915" status="PASS">
          <reporter-output>
          </reporter-output>
        </test-method> <!-- getLoginpageTitle -->
        <test-method is-config="true" signature="tearDown()[pri:0, instance:com.webshops.testss.LoginPageTest@94f6bfb]" started-at="2024-07-17T16:53:12 PDT" name="tearDown" finished-at="2024-07-17T16:53:12 PDT" duration-ms="1" status="PASS">
          <reporter-output>
          </reporter-output>
        </test-method> <!-- tearDown -->
        <test-method is-config="true" signature="setUp()[pri:0, instance:com.webshops.testss.LoginPageTest@94f6bfb]" started-at="2024-07-17T16:53:12 PDT" name="setUp" finished-at="2024-07-17T16:53:22 PDT" duration-ms="9972" status="PASS">
          <reporter-output>
          </reporter-output>
        </test-method> <!-- setUp -->
        <test-method signature="loginPageRemembermeCheckBox()[pri:2, instance:com.webshops.testss.LoginPageTest@94f6bfb]" started-at="2024-07-17T16:53:22 PDT" name="loginPageRemembermeCheckBox" finished-at="2024-07-17T16:53:26 PDT" duration-ms="3615" status="PASS">
          <reporter-output>
          </reporter-output>
        </test-method> <!-- loginPageRemembermeCheckBox -->
        <test-method is-config="true" signature="tearDown()[pri:0, instance:com.webshops.testss.LoginPageTest@94f6bfb]" started-at="2024-07-17T16:53:26 PDT" name="tearDown" finished-at="2024-07-17T16:53:26 PDT" duration-ms="1" status="PASS">
          <reporter-output>
          </reporter-output>
        </test-method> <!-- tearDown -->
        <test-method is-config="true" signature="setUp()[pri:0, instance:com.webshops.testss.LoginPageTest@94f6bfb]" started-at="2024-07-17T16:53:26 PDT" name="setUp" finished-at="2024-07-17T16:53:34 PDT" duration-ms="7595" status="PASS">
          <reporter-output>
          </reporter-output>
        </test-method> <!-- setUp -->
        <test-method signature="isWelcometextisPresent()[pri:3, instance:com.webshops.testss.LoginPageTest@94f6bfb]" started-at="2024-07-17T16:53:34 PDT" name="isWelcometextisPresent" finished-at="2024-07-17T16:53:37 PDT" duration-ms="3469" status="PASS">
          <reporter-output>
          </reporter-output>
        </test-method> <!-- isWelcometextisPresent -->
        <test-method is-config="true" signature="tearDown()[pri:0, instance:com.webshops.testss.LoginPageTest@94f6bfb]" started-at="2024-07-17T16:53:37 PDT" name="tearDown" finished-at="2024-07-17T16:53:42 PDT" duration-ms="5146" status="PASS">
          <reporter-output>
          </reporter-output>
        </test-method> <!-- tearDown -->
        <test-method is-config="true" signature="setUp()[pri:0, instance:com.webshops.testss.LoginPageTest@94f6bfb]" started-at="2024-07-17T16:53:42 PDT" name="setUp" finished-at="2024-07-17T16:53:49 PDT" duration-ms="6975" status="PASS">
          <reporter-output>
          </reporter-output>
        </test-method> <!-- setUp -->
        <test-method signature="testForgotpasswordTextIsdisplayed()[pri:4, instance:com.webshops.testss.LoginPageTest@94f6bfb]" started-at="2024-07-17T16:53:49 PDT" name="testForgotpasswordTextIsdisplayed" finished-at="2024-07-17T16:53:51 PDT" duration-ms="1753" status="PASS">
          <reporter-output>
          </reporter-output>
        </test-method> <!-- testForgotpasswordTextIsdisplayed -->
        <test-method is-config="true" signature="tearDown()[pri:0, instance:com.webshops.testss.LoginPageTest@94f6bfb]" started-at="2024-07-17T16:53:51 PDT" name="tearDown" finished-at="2024-07-17T16:53:51 PDT" duration-ms="1" status="PASS">
          <reporter-output>
          </reporter-output>
        </test-method> <!-- tearDown -->
        <test-method is-config="true" signature="setUp()[pri:0, instance:com.webshops.testss.LoginPageTest@94f6bfb]" started-at="2024-07-17T16:53:51 PDT" name="setUp" finished-at="2024-07-17T16:53:58 PDT" duration-ms="6638" status="PASS">
          <reporter-output>
          </reporter-output>
        </test-method> <!-- setUp -->
        <test-method signature="testLoginFunctions()[pri:5, instance:com.webshops.testss.LoginPageTest@94f6bfb]" started-at="2024-07-17T16:53:58 PDT" name="testLoginFunctions" finished-at="2024-07-17T16:54:16 PDT" duration-ms="18911" status="PASS">
          <reporter-output>
          </reporter-output>
        </test-method> <!-- testLoginFunctions -->
        <test-method is-config="true" signature="tearDown()[pri:0, instance:com.webshops.testss.LoginPageTest@94f6bfb]" started-at="2024-07-17T16:54:16 PDT" name="tearDown" finished-at="2024-07-17T16:54:16 PDT" duration-ms="1" status="PASS">
          <reporter-output>
          </reporter-output>
        </test-method> <!-- tearDown -->
      </class> <!-- com.webshops.testss.LoginPageTest -->
    </test> <!-- Default test -->
  </suite> <!-- Default suite -->
</testng-results>
